<?xml version="1.0" encoding="UTF-8"?>
<!-- Generated by org.testng.reporters.JUnitXMLReporter -->
<testsuite hostname="DESKTOP-PF1B8SS" ignored="0" name="Highline Automation" tests="15" failures="5" timestamp="19 Jan 2019 05:51:26 GMT" time="76.321" errors="0">
  <testcase name="email_validation" time="1.18" classname="highlineAutomation.User"/>
  <testcase name="email_validation" time="1.212" classname="highlineAutomation.User"/>
  <testcase name="email_validation" time="1.342" classname="highlineAutomation.User"/>
  <testcase name="email_validation" time="1.386" classname="highlineAutomation.User"/>
  <testcase name="name_validation" time="1.212" classname="highlineAutomation.User"/>
  <testcase name="name_validation" time="1.245" classname="highlineAutomation.User">
    <failure type="java.lang.AssertionError">
      <![CDATA[java.lang.AssertionError
at highlineAutomation.User.name_validation(User.java:27)
... Removed 25 stack frames]]>
    </failure>
  </testcase> <!-- name_validation -->
  <testcase name="name_validation" time="1.219" classname="highlineAutomation.User">
    <failure type="java.lang.AssertionError">
      <![CDATA[java.lang.AssertionError
at highlineAutomation.User.name_validation(User.java:27)
... Removed 25 stack frames]]>
    </failure>
  </testcase> <!-- name_validation -->
  <testcase name="name_validation" time="1.195" classname="highlineAutomation.User">
    <failure type="java.lang.AssertionError">
      <![CDATA[java.lang.AssertionError
at highlineAutomation.User.name_validation(User.java:27)
... Removed 25 stack frames]]>
    </failure>
  </testcase> <!-- name_validation -->
  <testcase name="password_validation" time="1.246" classname="highlineAutomation.User"/>
  <testcase name="phone_validation" time="1.19" classname="highlineAutomation.User">
    <failure type="java.lang.AssertionError">
      <![CDATA[java.lang.AssertionError
at highlineAutomation.User.phone_validation(User.java:47)
... Removed 25 stack frames]]>
    </failure>
  </testcase> <!-- phone_validation -->
  <testcase name="phone_validation" time="1.223" classname="highlineAutomation.User"/>
  <testcase name="phone_validation" time="1.244" classname="highlineAutomation.User"/>
  <testcase name="phone_validation" time="1.212" classname="highlineAutomation.User"/>
  <testcase name="roles" time="4.429" classname="highlineAutomation.User"/>
  <testcase name="add_User" time="5.257" classname="highlineAutomation.Add_User_Flow">
    <failure type="java.lang.AssertionError" message="expected [true] but found [false]">
      <![CDATA[java.lang.AssertionError: expected [true] but found [false]
at highlineAutomation.Add_User_Flow.add_User(Add_User_Flow.java:40)
... Removed 29 stack frames]]>
    </failure>
  </testcase> <!-- add_User -->
</testsuite> <!-- Highline Automation -->
